[debug] [2026-04-27T15:17:27.502Z] ----------------------------------------------------------------------
[debug] [2026-04-27T15:17:27.506Z] Command:       C:\Program Files\nodejs\node.exe C:\Users\Kaushal\AppData\Roaming\npm\node_modules\firebase-tools\lib\bin\firebase.js projects:list
[debug] [2026-04-27T15:17:27.507Z] CLI Version:   15.15.0
[debug] [2026-04-27T15:17:27.507Z] Platform:      win32
[debug] [2026-04-27T15:17:27.507Z] Node Version:  v22.13.1
[debug] [2026-04-27T15:17:27.508Z] Time:          Mon Apr 27 2026 20:47:27 GMT+0530 (India Standard Time)
[debug] [2026-04-27T15:17:27.508Z] ----------------------------------------------------------------------
[debug] 
[debug] [2026-04-27T15:17:27.922Z] > command requires scopes: ["email","openid","https://www.googleapis.com/auth/cloudplatformprojects.readonly","https://www.googleapis.com/auth/firebase","https://www.googleapis.com/auth/cloud-platform"]
[debug] [2026-04-27T15:17:27.923Z] > authorizing via signed-in user (kaushalpawar2346@gmail.com)
[debug] [2026-04-27T15:17:27.928Z] Checked if tokens are valid: true, expires at: 1777305822013
[debug] [2026-04-27T15:17:27.929Z] Checked if tokens are valid: true, expires at: 1777305822013
[debug] [2026-04-27T15:17:27.930Z] >>> [apiv2][query] GET https://firebase.googleapis.com/v1beta1/projects pageSize=1000
[debug] [2026-04-27T15:17:28.723Z] <<< [apiv2][status] GET https://firebase.googleapis.com/v1beta1/projects 200
[debug] [2026-04-27T15:17:28.724Z] <<< [apiv2][body] GET https://firebase.googleapis.com/v1beta1/projects [omitted]
[info] ┌────────────────────────────┬───────────────────────────────────┬────────────────┬──────────────────────┐
│ Project Display Name       │ Project ID                        │ Project Number │ Resource Location ID │
├────────────────────────────┼───────────────────────────────────┼────────────────┼──────────────────────┤
│ My First Project           │ adroit-outlet-475407-d3 (current) │ 536734075365   │ [Not specified]      │
├────────────────────────────┼───────────────────────────────────┼────────────────┼──────────────────────┤
│ ATOM                       │ atom-524e4                        │ 357700804167   │ [Not specified]      │
├────────────────────────────┼───────────────────────────────────┼────────────────┼──────────────────────┤
│ Attendance-System-Iot      │ attendance-system-iot-12125       │ 319456710665   │ [Not specified]      │
├────────────────────────────┼───────────────────────────────────┼────────────────┼──────────────────────┤
│ ECG Database               │ ecg-database-6654e                │ 813828007541   │ [Not specified]      │
├────────────────────────────┼───────────────────────────────────┼────────────────┼──────────────────────┤
│ ESPCOW                     │ espcow-4cf85                      │ 664157382838   │ [Not specified]      │
├────────────────────────────┼───────────────────────────────────┼────────────────┼──────────────────────┤
│ ESPCOWS                    │ espcows                           │ 1014431833081  │ [Not specified]      │
├────────────────────────────┼───────────────────────────────────┼────────────────┼──────────────────────┤
│ Wearhouse-Management-Robot │ wearhouse-management-robot        │ 801815169183   │ [Not specified]      │
├────────────────────────────┼───────────────────────────────────┼────────────────┼──────────────────────┤
│ Workshop                   │ workshop-9e640                    │ 960202313374   │ [Not specified]      │
└────────────────────────────┴───────────────────────────────────┴────────────────┴──────────────────────┘
[info] 
[info] 8 project(s) total.
[debug] [2026-04-27T15:17:33.915Z] Error: Timed out.
    at Timeout._onTimeout (C:\Users\Kaushal\AppData\Roaming\npm\node_modules\firebase-tools\lib\utils.js:309:49)
    at listOnTimeout (node:internal/timers:594:17)
    at process.processTimers (node:internal/timers:529:7)
[error] 
[error] Error: An unexpected error has occurred.
